<?xml version="1.0" encoding="UTF-8"?>
<!-- Generated by org.testng.reporters.JUnitReportReporter -->
<testsuite hostname="AOY3H1MJDO6NUQD" name="TestNG_test" tests="2" failures="0" timestamp="16 Mar 2016 02:38:40 GMT" time="0.001" errors="0">
  <testcase name="testCase2" time="0.001" classname="TestNG_test"/>
  <testcase name="testCase1" time="0.000" classname="TestNG_test"/>
</testsuite> <!-- TestNG_test -->
